[2025-05-01 13:48:03,263: INFO: utils: NumExpr defaulting to 4 threads.]
[2025-05-01 14:15:36,836: INFO: common: yaml file: config\config.yaml loaded successfully]
[2025-05-01 14:15:36,851: INFO: common: yaml file: params.yaml loaded successfully]
[2025-05-01 14:15:36,856: INFO: common: created directory at: artifacts]
[2025-05-01 14:15:36,858: INFO: common: created directory at: artifacts\training]
[2025-05-01 14:15:37,367: WARNING: saving_utils: Compiled the loaded model, but the compiled metrics have yet to be built. `model.compile_metrics` will be empty until you train or evaluate the model.]
[2025-05-01 14:16:40,491: INFO: common: yaml file: config\config.yaml loaded successfully]
[2025-05-01 14:16:40,494: INFO: common: yaml file: params.yaml loaded successfully]
[2025-05-01 14:16:40,496: INFO: common: created directory at: artifacts]
[2025-05-01 14:16:40,497: INFO: common: created directory at: artifacts\training]
[2025-05-01 14:16:40,709: WARNING: saving_utils: Compiled the loaded model, but the compiled metrics have yet to be built. `model.compile_metrics` will be empty until you train or evaluate the model.]
[2025-05-01 15:02:31,826: INFO: utils: NumExpr defaulting to 4 threads.]
[2025-05-01 15:06:29,517: INFO: common: yaml file: config\config.yaml loaded successfully]
[2025-05-01 15:06:29,524: INFO: common: yaml file: params.yaml loaded successfully]
[2025-05-01 15:06:29,525: INFO: common: created directory at: artifacts]
[2025-05-01 15:06:29,525: INFO: common: created directory at: artifacts\training]
[2025-05-01 15:06:30,012: WARNING: saving_utils: Compiled the loaded model, but the compiled metrics have yet to be built. `model.compile_metrics` will be empty until you train or evaluate the model.]
[2025-05-01 15:07:48,122: INFO: common: yaml file: config\config.yaml loaded successfully]
[2025-05-01 15:07:48,124: INFO: common: yaml file: params.yaml loaded successfully]
[2025-05-01 15:07:48,126: INFO: common: created directory at: artifacts]
[2025-05-01 15:07:48,128: INFO: common: created directory at: artifacts\training]
[2025-05-01 15:07:48,400: WARNING: saving_utils: Compiled the loaded model, but the compiled metrics have yet to be built. `model.compile_metrics` will be empty until you train or evaluate the model.]
[2025-05-01 15:08:50,362: INFO: common: yaml file: config\config.yaml loaded successfully]
[2025-05-01 15:08:50,365: INFO: common: yaml file: params.yaml loaded successfully]
[2025-05-01 15:08:50,368: INFO: common: created directory at: artifacts]
[2025-05-01 15:08:50,369: INFO: common: created directory at: artifacts\training]
[2025-05-01 15:08:50,668: WARNING: saving_utils: Compiled the loaded model, but the compiled metrics have yet to be built. `model.compile_metrics` will be empty until you train or evaluate the model.]
[2025-05-01 15:15:16,197: INFO: common: yaml file: config\config.yaml loaded successfully]
[2025-05-01 15:15:16,204: INFO: common: yaml file: params.yaml loaded successfully]
[2025-05-01 15:15:16,206: INFO: common: created directory at: artifacts]
[2025-05-01 15:15:16,210: INFO: common: created directory at: artifacts\training]
[2025-05-01 15:15:16,470: WARNING: saving_utils: Compiled the loaded model, but the compiled metrics have yet to be built. `model.compile_metrics` will be empty until you train or evaluate the model.]
